warning: ignoring unsupported tag 'PAGE_OUTLINE_PANEL' at line 1765, file /tmp/doxyfile.OA2mWK
warning: Tag 'DOT_TRANSPARENT' at line 2788 of file '/tmp/doxyfile.OA2mWK' has become obsolete.
         To avoid this warning please remove this line from your configuration file or upgrade it using "doxygen -u"
/home/runner/work/hf-ws2812-rmt-driver/hf-ws2812-rmt-driver/examples/esp32/scripts/README.md:2: warning: found more than one \mainpage comment block! (first occurrence: /home/runner/work/hf-ws2812-rmt-driver/hf-ws2812-rmt-driver/examples/esp32/README.md, line 1), Skipping current block!
/home/runner/work/hf-ws2812-rmt-driver/hf-ws2812-rmt-driver/examples/esp32/scripts/tests/README.md:1: warning: found more than one \mainpage comment block! (first occurrence: /home/runner/work/hf-ws2812-rmt-driver/hf-ws2812-rmt-driver/examples/esp32/README.md, line 1), Skipping current block!
/home/runner/work/hf-ws2812-rmt-driver/hf-ws2812-rmt-driver/README.md:2: warning: found more than one \mainpage comment block! (first occurrence: /home/runner/work/hf-ws2812-rmt-driver/hf-ws2812-rmt-driver/examples/esp32/README.md, line 1), Skipping current block!
/home/runner/work/hf-ws2812-rmt-driver/hf-ws2812-rmt-driver/examples/esp32/main/TestFramework.h:383: warning: The following parameter of print_test_section_footer(const char *tag, const char *section_name, bool enabled=true) is not documented:
  parameter 'tag'
/home/runner/work/hf-ws2812-rmt-driver/hf-ws2812-rmt-driver/examples/esp32/main/TestFramework.h:357: warning: The following parameter of print_test_section_header(const char *tag, const char *section_name, bool enabled=true) is not documented:
  parameter 'tag'
/home/runner/work/hf-ws2812-rmt-driver/hf-ws2812-rmt-driver/examples/esp32/main/TestFramework.h:341: warning: argument 'test_results' of command @param is not found in the argument list of print_test_section_status(const char *tag, const char *test_suite_name)
/home/runner/work/hf-ws2812-rmt-driver/hf-ws2812-rmt-driver/examples/esp32/main/TestFramework.h:341: warning: The following parameter of print_test_section_status(const char *tag, const char *test_suite_name) is not documented:
  parameter 'tag'
/home/runner/work/hf-ws2812-rmt-driver/hf-ws2812-rmt-driver/examples/esp32/main/TestFramework.h:321: warning: The following parameter of print_test_summary(const TestResults &test_results, const char *test_suite_name, const char *tag) is not documented:
  parameter 'tag'
/home/runner/work/hf-ws2812-rmt-driver/hf-ws2812-rmt-driver/inc/ws2812_control.h:62: warning: argument 'gpio_num' from the argument list of ws2812_control_init has multiple @param documentation sections
/home/runner/work/hf-ws2812-rmt-driver/hf-ws2812-rmt-driver/inc/ws2812_control.h:62: warning: argument 'channel' from the argument list of ws2812_control_init has multiple @param documentation sections
/home/runner/work/hf-ws2812-rmt-driver/hf-ws2812-rmt-driver/inc/ws2812_control.h:74: warning: argument 'new_state' from the argument list of ws2812_write_leds has multiple @param documentation sections
/home/runner/work/hf-ws2812-rmt-driver/hf-ws2812-rmt-driver/examples/esp32/scripts/docs/contributing/index.md:251: warning: Illegal command @N3b3x found as part of a <a>..</a> block
/home/runner/work/hf-ws2812-rmt-driver/hf-ws2812-rmt-driver/inc/rmt_wrapper.hpp:131: warning: The following parameters of ws2812::RmtTx::TransmitBytes(const uint8_t *data, size_t length, const rmt_symbol_word_t &bit0, const rmt_symbol_word_t &bit1, TickType_t timeout=portMAX_DELAY) are not documented:
  parameter 'data'
  parameter 'length'
  parameter 'timeout'
/home/runner/work/hf-ws2812-rmt-driver/hf-ws2812-rmt-driver/examples/esp32/README.md:7: warning: unable to resolve reference to '-hardware-overview' for \ref command
/home/runner/work/hf-ws2812-rmt-driver/hf-ws2812-rmt-driver/examples/esp32/README.md:8: warning: unable to resolve reference to '-pin-connections' for \ref command
/home/runner/work/hf-ws2812-rmt-driver/hf-ws2812-rmt-driver/examples/esp32/README.md:9: warning: unable to resolve reference to '-hardware-setup' for \ref command
/home/runner/work/hf-ws2812-rmt-driver/hf-ws2812-rmt-driver/examples/esp32/README.md:10: warning: unable to resolve reference to '-building-the-tests' for \ref command
/home/runner/work/hf-ws2812-rmt-driver/hf-ws2812-rmt-driver/examples/esp32/README.md:11: warning: unable to resolve reference to '-running-the-tests' for \ref command
/home/runner/work/hf-ws2812-rmt-driver/hf-ws2812-rmt-driver/examples/esp32/README.md:12: warning: unable to resolve reference to '-test-suites' for \ref command
/home/runner/work/hf-ws2812-rmt-driver/hf-ws2812-rmt-driver/examples/esp32/README.md:13: warning: unable to resolve reference to '-troubleshooting' for \ref command
